Line 38: Class MSComDlg.CommonDialog of control cd1 was not a loaded control class.
Line 45: Class ManoharExtras.ManiExtras of control ManiExtras1 was not a loaded control class.
Line 131: Class ManoharButton.MyButton of control cmdBackUp was not a loaded control class.
Line 171: Class ManoharButton.MyButton of control cmExit was not a loaded control class.
Line 211: Class ManoharButton.MyButton of control cmbRecover was not a loaded control class.
Line 251: Class ManoharButton.MyButton of control cmdHelp was not a loaded control class.
Line 344: Class ManoharButton.MyButton of control cmdRestore was not a loaded control class.
Line 477: Class ManoharButton.MyButton of control MyButton1 was not a loaded control class.
Line 572: Class AgentObjectsCtl.Agent of control Agent1 was not a loaded control class.
Line 41: The property name _ExtentX in cd1 is invalid.
Line 42: The property name _ExtentY in cd1 is invalid.
Line 43: The property name _Version in cd1 is invalid.
Line 52: The property name _ExtentX in ManiExtras1 is invalid.
Line 53: The property name _ExtentY in ManiExtras1 is invalid.
Line 139: The property name _ExtentX in cmdBackUp is invalid.
Line 140: The property name _ExtentY in cmdBackUp is invalid.
Line 141: The property name BTYPE in cmdBackUp is invalid.
Line 142: The property name TX in cmdBackUp is invalid.
Line 143: The property name ENAB in cmdBackUp is invalid.
Line 153: The property name COLTYPE in cmdBackUp is invalid.
Line 154: The property name FOCUSR in cmdBackUp is invalid.
Line 155: The property name BCOL in cmdBackUp is invalid.
Line 156: The property name BCOLO in cmdBackUp is invalid.
Line 157: The property name FCOL in cmdBackUp is invalid.
Line 158: The property name FCOLO in cmdBackUp is invalid.
Line 159: The property name MCOL in cmdBackUp is invalid.
Line 160: The property name MPTR in cmdBackUp is invalid.
Line 161: The property name MICON in cmdBackUp is invalid.
Line 162: The property name UMCOL in cmdBackUp is invalid.
Line 163: The property name SOFT in cmdBackUp is invalid.
Line 164: The property name PICPOS in cmdBackUp is invalid.
Line 165: The property name NGREY in cmdBackUp is invalid.
Line 166: The property name FX in cmdBackUp is invalid.
Line 167: The property name HAND in cmdBackUp is invalid.
Line 168: The property name CHECK in cmdBackUp is invalid.
Line 169: The property name VALUE in cmdBackUp is invalid.
Line 179: The property name _ExtentX in cmExit is invalid.
Line 180: The property name _ExtentY in cmExit is invalid.
Line 181: The property name BTYPE in cmExit is invalid.
Line 182: The property name TX in cmExit is invalid.
Line 183: The property name ENAB in cmExit is invalid.
Line 193: The property name COLTYPE in cmExit is invalid.
Line 194: The property name FOCUSR in cmExit is invalid.
Line 195: The property name BCOL in cmExit is invalid.
Line 196: The property name BCOLO in cmExit is invalid.
Line 197: The property name FCOL in cmExit is invalid.
Line 198: The property name FCOLO in cmExit is invalid.
Line 199: The property name MCOL in cmExit is invalid.
Line 200: The property name MPTR in cmExit is invalid.
Line 201: The property name MICON in cmExit is invalid.
Line 202: The property name UMCOL in cmExit is invalid.
Line 203: The property name SOFT in cmExit is invalid.
Line 204: The property name PICPOS in cmExit is invalid.
Line 205: The property name NGREY in cmExit is invalid.
Line 206: The property name FX in cmExit is invalid.
Line 207: The property name HAND in cmExit is invalid.
Line 208: The property name CHECK in cmExit is invalid.
Line 209: The property name VALUE in cmExit is invalid.
Line 219: The property name _ExtentX in cmbRecover is invalid.
Line 220: The property name _ExtentY in cmbRecover is invalid.
Line 221: The property name BTYPE in cmbRecover is invalid.
Line 222: The property name TX in cmbRecover is invalid.
Line 223: The property name ENAB in cmbRecover is invalid.
Line 233: The property name COLTYPE in cmbRecover is invalid.
Line 234: The property name FOCUSR in cmbRecover is invalid.
Line 235: The property name BCOL in cmbRecover is invalid.
Line 236: The property name BCOLO in cmbRecover is invalid.
Line 237: The property name FCOL in cmbRecover is invalid.
Line 238: The property name FCOLO in cmbRecover is invalid.
Line 239: The property name MCOL in cmbRecover is invalid.
Line 240: The property name MPTR in cmbRecover is invalid.
Line 241: The property name MICON in cmbRecover is invalid.
Line 242: The property name UMCOL in cmbRecover is invalid.
Line 243: The property name SOFT in cmbRecover is invalid.
Line 244: The property name PICPOS in cmbRecover is invalid.
Line 245: The property name NGREY in cmbRecover is invalid.
Line 246: The property name FX in cmbRecover is invalid.
Line 247: The property name HAND in cmbRecover is invalid.
Line 248: The property name CHECK in cmbRecover is invalid.
Line 249: The property name VALUE in cmbRecover is invalid.
Line 259: The property name _ExtentX in cmdHelp is invalid.
Line 260: The property name _ExtentY in cmdHelp is invalid.
Line 261: The property name BTYPE in cmdHelp is invalid.
Line 262: The property name TX in cmdHelp is invalid.
Line 263: The property name ENAB in cmdHelp is invalid.
Line 273: The property name COLTYPE in cmdHelp is invalid.
Line 274: The property name FOCUSR in cmdHelp is invalid.
Line 275: The property name BCOL in cmdHelp is invalid.
Line 276: The property name BCOLO in cmdHelp is invalid.
Line 277: The property name FCOL in cmdHelp is invalid.
Line 278: The property name FCOLO in cmdHelp is invalid.
Line 279: The property name MCOL in cmdHelp is invalid.
Line 280: The property name MPTR in cmdHelp is invalid.
Line 281: The property name MICON in cmdHelp is invalid.
Line 282: The property name UMCOL in cmdHelp is invalid.
Line 283: The property name SOFT in cmdHelp is invalid.
Line 284: The property name PICPOS in cmdHelp is invalid.
Line 285: The property name NGREY in cmdHelp is invalid.
Line 286: The property name FX in cmdHelp is invalid.
Line 287: The property name HAND in cmdHelp is invalid.
Line 288: The property name CHECK in cmdHelp is invalid.
Line 289: The property name VALUE in cmdHelp is invalid.
Line 300: Property List in cmbRType could not be set.
Line 300: Property ItemData in cmbRType could not be set.
Line 312: Property List in cmbRTables could not be set.
Line 312: Property ItemData in cmbRTables could not be set.
Line 352: The property name _ExtentX in cmdRestore is invalid.
Line 353: The property name _ExtentY in cmdRestore is invalid.
Line 354: The property name BTYPE in cmdRestore is invalid.
Line 355: The property name TX in cmdRestore is invalid.
Line 356: The property name ENAB in cmdRestore is invalid.
Line 366: The property name COLTYPE in cmdRestore is invalid.
Line 367: The property name FOCUSR in cmdRestore is invalid.
Line 368: The property name BCOL in cmdRestore is invalid.
Line 369: The property name BCOLO in cmdRestore is invalid.
Line 370: The property name FCOL in cmdRestore is invalid.
Line 371: The property name FCOLO in cmdRestore is invalid.
Line 372: The property name MCOL in cmdRestore is invalid.
Line 373: The property name MPTR in cmdRestore is invalid.
Line 374: The property name MICON in cmdRestore is invalid.
Line 375: The property name UMCOL in cmdRestore is invalid.
Line 376: The property name SOFT in cmdRestore is invalid.
Line 377: The property name PICPOS in cmdRestore is invalid.
Line 378: The property name NGREY in cmdRestore is invalid.
Line 379: The property name FX in cmdRestore is invalid.
Line 380: The property name HAND in cmdRestore is invalid.
Line 381: The property name CHECK in cmdRestore is invalid.
Line 382: The property name VALUE in cmdRestore is invalid.
Line 452: Property List in cmbTables could not be set.
Line 452: Property ItemData in cmbTables could not be set.
Line 465: Property List in cmbTypes could not be set.
Line 465: Property ItemData in cmbTypes could not be set.
Line 485: The property name _ExtentX in MyButton1 is invalid.
Line 486: The property name _ExtentY in MyButton1 is invalid.
Line 487: The property name BTYPE in MyButton1 is invalid.
Line 488: The property name TX in MyButton1 is invalid.
Line 489: The property name ENAB in MyButton1 is invalid.
Line 499: The property name COLTYPE in MyButton1 is invalid.
Line 500: The property name FOCUSR in MyButton1 is invalid.
Line 501: The property name BCOL in MyButton1 is invalid.
Line 502: The property name BCOLO in MyButton1 is invalid.
Line 503: The property name FCOL in MyButton1 is invalid.
Line 504: The property name FCOLO in MyButton1 is invalid.
Line 505: The property name MCOL in MyButton1 is invalid.
Line 506: The property name MPTR in MyButton1 is invalid.
Line 507: The property name MICON in MyButton1 is invalid.
Line 508: The property name UMCOL in MyButton1 is invalid.
Line 509: The property name SOFT in MyButton1 is invalid.
Line 510: The property name PICPOS in MyButton1 is invalid.
Line 511: The property name NGREY in MyButton1 is invalid.
Line 512: The property name FX in MyButton1 is invalid.
Line 513: The property name HAND in MyButton1 is invalid.
Line 514: The property name CHECK in MyButton1 is invalid.
Line 515: The property name VALUE in MyButton1 is invalid.
